{"timestamp": "2025-12-23T05:40:32.536053Z", "level": "INFO", "logger": "root", "message": "Logging configured: level=DEBUG, structured=False", "module": "logging_config", "function": "setup_logging", "line": 135}
{"timestamp": "2025-12-23T05:40:32.564189Z", "level": "INFO", "logger": "app.main", "message": "Starting up LMS API...", "module": "main", "function": "lifespan", "line": 25}
{"timestamp": "2025-12-23T05:40:42.449587Z", "level": "INFO", "logger": "app.core.correlation_middleware", "message": "POST /api/auth/login", "module": "correlation_middleware", "function": "dispatch", "line": 37, "correlation_id": "e4759031-5650-4520-8a0e-ecaf6bbe4047"}
{"timestamp": "2025-12-23T05:40:42.536632Z", "level": "INFO", "logger": "app.core.correlation_middleware", "message": "POST /api/auth/login - 200", "module": "correlation_middleware", "function": "dispatch", "line": 54, "correlation_id": "e4759031-5650-4520-8a0e-ecaf6bbe4047"}
{"timestamp": "2025-12-23T05:40:48.727829Z", "level": "INFO", "logger": "app.core.correlation_middleware", "message": "POST /api/auth/login", "module": "correlation_middleware", "function": "dispatch", "line": 37, "correlation_id": "fc27b830-152e-4c5b-8ee7-f9bb8bba191f"}
{"timestamp": "2025-12-23T05:40:48.735785Z", "level": "INFO", "logger": "app.core.correlation_middleware", "message": "POST /api/auth/login - 200", "module": "correlation_middleware", "function": "dispatch", "line": 54, "correlation_id": "fc27b830-152e-4c5b-8ee7-f9bb8bba191f"}
{"timestamp": "2025-12-23T05:40:48.755908Z", "level": "INFO", "logger": "app.core.correlation_middleware", "message": "GET /api/progress/user/1/last-viewed", "module": "correlation_middleware", "function": "dispatch", "line": 37, "correlation_id": "8e7ebdff-9a10-4d41-9866-7558e6cd3255"}
{"timestamp": "2025-12-23T05:40:48.763439Z", "level": "INFO", "logger": "app.core.correlation_middleware", "message": "GET /api/progress/user/1/last-viewed - 200", "module": "correlation_middleware", "function": "dispatch", "line": 54, "correlation_id": "8e7ebdff-9a10-4d41-9866-7558e6cd3255"}
{"timestamp": "2025-12-23T05:40:48.765610Z", "level": "INFO", "logger": "app.core.correlation_middleware", "message": "GET /api/categories", "module": "correlation_middleware", "function": "dispatch", "line": 37, "correlation_id": "bea91b50-3b24-47c2-9592-d911f06efe93"}
{"timestamp": "2025-12-23T05:40:48.766608Z", "level": "INFO", "logger": "app.core.correlation_middleware", "message": "GET /api/categories - 307", "module": "correlation_middleware", "function": "dispatch", "line": 54, "correlation_id": "bea91b50-3b24-47c2-9592-d911f06efe93"}
{"timestamp": "2025-12-23T05:40:48.770078Z", "level": "INFO", "logger": "app.core.correlation_middleware", "message": "GET /api/categories/", "module": "correlation_middleware", "function": "dispatch", "line": 37, "correlation_id": "6f4e0e6e-821d-465b-bf5e-e42acf0fc2b2"}
{"timestamp": "2025-12-23T05:40:48.776094Z", "level": "INFO", "logger": "app.core.correlation_middleware", "message": "GET /api/categories/ - 200", "module": "correlation_middleware", "function": "dispatch", "line": 54, "correlation_id": "6f4e0e6e-821d-465b-bf5e-e42acf0fc2b2"}
{"timestamp": "2025-12-23T05:40:53.276291Z", "level": "INFO", "logger": "app.core.correlation_middleware", "message": "GET /api/progress/user/1/last-viewed", "module": "correlation_middleware", "function": "dispatch", "line": 37, "correlation_id": "557e0fe2-db8b-485d-9e9b-fef6b967b861"}
{"timestamp": "2025-12-23T05:40:53.278402Z", "level": "INFO", "logger": "app.core.correlation_middleware", "message": "GET /api/categories", "module": "correlation_middleware", "function": "dispatch", "line": 37, "correlation_id": "26d4dd78-04ec-42b8-9eb8-0fad766c849c"}
{"timestamp": "2025-12-23T05:40:53.278402Z", "level": "INFO", "logger": "app.core.correlation_middleware", "message": "GET /api/categories - 307", "module": "correlation_middleware", "function": "dispatch", "line": 54, "correlation_id": "26d4dd78-04ec-42b8-9eb8-0fad766c849c"}
{"timestamp": "2025-12-23T05:40:53.282835Z", "level": "INFO", "logger": "app.core.correlation_middleware", "message": "GET /api/progress/user/1/last-viewed - 200", "module": "correlation_middleware", "function": "dispatch", "line": 54, "correlation_id": "557e0fe2-db8b-485d-9e9b-fef6b967b861"}
{"timestamp": "2025-12-23T05:40:53.291337Z", "level": "INFO", "logger": "app.core.correlation_middleware", "message": "GET /api/categories/", "module": "correlation_middleware", "function": "dispatch", "line": 37, "correlation_id": "f2269f76-9f2e-463e-aa58-6f19a4abbe16"}
{"timestamp": "2025-12-23T05:40:53.298104Z", "level": "INFO", "logger": "app.core.correlation_middleware", "message": "GET /api/categories/ - 200", "module": "correlation_middleware", "function": "dispatch", "line": 54, "correlation_id": "f2269f76-9f2e-463e-aa58-6f19a4abbe16"}
{"timestamp": "2025-12-23T05:40:57.274650Z", "level": "INFO", "logger": "app.core.correlation_middleware", "message": "OPTIONS /api/scanner/root-path", "module": "correlation_middleware", "function": "dispatch", "line": 37, "correlation_id": "d1795ca9-a4c8-4393-8377-388dca4ff8be"}
{"timestamp": "2025-12-23T05:40:57.275647Z", "level": "INFO", "logger": "app.core.correlation_middleware", "message": "OPTIONS /api/admin/backup/list", "module": "correlation_middleware", "function": "dispatch", "line": 37, "correlation_id": "834eaba8-f860-4235-955b-bb4d6c956aa0"}
{"timestamp": "2025-12-23T05:40:57.275647Z", "level": "INFO", "logger": "app.core.correlation_middleware", "message": "OPTIONS /api/scanner/root-path - 200", "module": "correlation_middleware", "function": "dispatch", "line": 54, "correlation_id": "d1795ca9-a4c8-4393-8377-388dca4ff8be"}
{"timestamp": "2025-12-23T05:40:57.277001Z", "level": "INFO", "logger": "app.core.correlation_middleware", "message": "OPTIONS /api/admin/backup/list - 200", "module": "correlation_middleware", "function": "dispatch", "line": 54, "correlation_id": "834eaba8-f860-4235-955b-bb4d6c956aa0"}
{"timestamp": "2025-12-23T05:40:57.278052Z", "level": "INFO", "logger": "app.core.correlation_middleware", "message": "OPTIONS /api/admin/backup/status", "module": "correlation_middleware", "function": "dispatch", "line": 37, "correlation_id": "1ea26a63-c9bf-47a6-9508-7e6f396d9afb"}
{"timestamp": "2025-12-23T05:40:57.279056Z", "level": "INFO", "logger": "app.core.correlation_middleware", "message": "OPTIONS /api/admin/backup/status - 200", "module": "correlation_middleware", "function": "dispatch", "line": 54, "correlation_id": "1ea26a63-c9bf-47a6-9508-7e6f396d9afb"}
{"timestamp": "2025-12-23T05:40:57.280085Z", "level": "INFO", "logger": "app.core.correlation_middleware", "message": "OPTIONS /api/config/public", "module": "correlation_middleware", "function": "dispatch", "line": 37, "correlation_id": "8be1af3a-1029-4e62-b91e-66902aaa8cbe"}
{"timestamp": "2025-12-23T05:40:57.280085Z", "level": "INFO", "logger": "app.core.correlation_middleware", "message": "OPTIONS /api/config/public - 200", "module": "correlation_middleware", "function": "dispatch", "line": 54, "correlation_id": "8be1af3a-1029-4e62-b91e-66902aaa8cbe"}
{"timestamp": "2025-12-23T05:40:57.281257Z", "level": "INFO", "logger": "app.core.correlation_middleware", "message": "OPTIONS /api/scanner/status", "module": "correlation_middleware", "function": "dispatch", "line": 37, "correlation_id": "60955cb2-65e9-4db8-bdf9-e0bc5bb5c6c9"}
{"timestamp": "2025-12-23T05:40:57.281257Z", "level": "INFO", "logger": "app.core.correlation_middleware", "message": "OPTIONS /api/scanner/status - 200", "module": "correlation_middleware", "function": "dispatch", "line": 54, "correlation_id": "60955cb2-65e9-4db8-bdf9-e0bc5bb5c6c9"}
{"timestamp": "2025-12-23T05:40:57.282611Z", "level": "INFO", "logger": "app.core.correlation_middleware", "message": "GET /api/scanner/root-path", "module": "correlation_middleware", "function": "dispatch", "line": 37, "correlation_id": "5a0c2702-cbb8-4f88-97d9-5c336542a02b"}
{"timestamp": "2025-12-23T05:40:57.282611Z", "level": "INFO", "logger": "app.core.correlation_middleware", "message": "GET /api/admin/backup/list", "module": "correlation_middleware", "function": "dispatch", "line": 37, "correlation_id": "f26c13a7-f18a-4939-830f-dc93bb9d5938"}
{"timestamp": "2025-12-23T05:40:57.291933Z", "level": "INFO", "logger": "app.core.correlation_middleware", "message": "GET /api/scanner/root-path - 200", "module": "correlation_middleware", "function": "dispatch", "line": 54, "correlation_id": "5a0c2702-cbb8-4f88-97d9-5c336542a02b"}
{"timestamp": "2025-12-23T05:40:57.294018Z", "level": "INFO", "logger": "app.core.correlation_middleware", "message": "GET /api/admin/backup/status", "module": "correlation_middleware", "function": "dispatch", "line": 37, "correlation_id": "3bf86c87-a45a-44b7-808f-77a73d2c165a"}
{"timestamp": "2025-12-23T05:40:57.303527Z", "level": "INFO", "logger": "app.core.correlation_middleware", "message": "GET /api/admin/backup/status - 200", "module": "correlation_middleware", "function": "dispatch", "line": 54, "correlation_id": "3bf86c87-a45a-44b7-808f-77a73d2c165a"}
{"timestamp": "2025-12-23T05:40:57.306780Z", "level": "INFO", "logger": "app.core.correlation_middleware", "message": "GET /api/config/public", "module": "correlation_middleware", "function": "dispatch", "line": 37, "correlation_id": "0a58b229-5f03-4ea8-b1c1-1dd96a49ed1a"}
{"timestamp": "2025-12-23T05:40:57.307802Z", "level": "INFO", "logger": "app.core.correlation_middleware", "message": "GET /api/config/public - 200", "module": "correlation_middleware", "function": "dispatch", "line": 54, "correlation_id": "0a58b229-5f03-4ea8-b1c1-1dd96a49ed1a"}
{"timestamp": "2025-12-23T05:40:57.310177Z", "level": "INFO", "logger": "app.core.correlation_middleware", "message": "GET /api/scanner/status", "module": "correlation_middleware", "function": "dispatch", "line": 37, "correlation_id": "6ebc8545-1ad0-4870-9eb7-b1dea009450b"}
{"timestamp": "2025-12-23T05:40:57.319187Z", "level": "INFO", "logger": "app.core.correlation_middleware", "message": "GET /api/scanner/status - 200", "module": "correlation_middleware", "function": "dispatch", "line": 54, "correlation_id": "6ebc8545-1ad0-4870-9eb7-b1dea009450b"}
{"timestamp": "2025-12-23T05:40:57.342255Z", "level": "INFO", "logger": "app.core.correlation_middleware", "message": "GET /api/admin/backup/list - 200", "module": "correlation_middleware", "function": "dispatch", "line": 54, "correlation_id": "f26c13a7-f18a-4939-830f-dc93bb9d5938"}
{"timestamp": "2025-12-23T05:41:03.187316Z", "level": "INFO", "logger": "app.core.correlation_middleware", "message": "GET /api/progress/user/1/last-viewed", "module": "correlation_middleware", "function": "dispatch", "line": 37, "correlation_id": "fe4f3112-e224-4dd2-bcaf-26f0325cff65"}
{"timestamp": "2025-12-23T05:41:03.188500Z", "level": "INFO", "logger": "app.core.correlation_middleware", "message": "GET /api/categories", "module": "correlation_middleware", "function": "dispatch", "line": 37, "correlation_id": "1b69bff6-d7d7-49ae-ac39-fe2c0376e611"}
{"timestamp": "2025-12-23T05:41:03.189857Z", "level": "INFO", "logger": "app.core.correlation_middleware", "message": "GET /api/categories - 307", "module": "correlation_middleware", "function": "dispatch", "line": 54, "correlation_id": "1b69bff6-d7d7-49ae-ac39-fe2c0376e611"}
{"timestamp": "2025-12-23T05:41:03.193254Z", "level": "INFO", "logger": "app.core.correlation_middleware", "message": "GET /api/categories/", "module": "correlation_middleware", "function": "dispatch", "line": 37, "correlation_id": "807e35f7-04cf-4feb-8165-feaff21d562d"}
{"timestamp": "2025-12-23T05:41:03.196245Z", "level": "INFO", "logger": "app.core.correlation_middleware", "message": "GET /api/progress/user/1/last-viewed - 200", "module": "correlation_middleware", "function": "dispatch", "line": 54, "correlation_id": "fe4f3112-e224-4dd2-bcaf-26f0325cff65"}
{"timestamp": "2025-12-23T05:41:03.198717Z", "level": "INFO", "logger": "app.core.correlation_middleware", "message": "GET /api/categories/ - 200", "module": "correlation_middleware", "function": "dispatch", "line": 54, "correlation_id": "807e35f7-04cf-4feb-8165-feaff21d562d"}
{"timestamp": "2025-12-23T05:41:05.061980Z", "level": "INFO", "logger": "app.core.correlation_middleware", "message": "OPTIONS /api/courses/category/7", "module": "correlation_middleware", "function": "dispatch", "line": 37, "correlation_id": "01794341-1421-4d34-9c36-bcf3c4017202"}
{"timestamp": "2025-12-23T05:41:05.063356Z", "level": "INFO", "logger": "app.core.correlation_middleware", "message": "OPTIONS /api/courses/category/7 - 200", "module": "correlation_middleware", "function": "dispatch", "line": 54, "correlation_id": "01794341-1421-4d34-9c36-bcf3c4017202"}
{"timestamp": "2025-12-23T05:41:05.065436Z", "level": "INFO", "logger": "app.core.correlation_middleware", "message": "GET /api/courses/category/7", "module": "correlation_middleware", "function": "dispatch", "line": 37, "correlation_id": "70ca441e-dec5-4b83-b217-5171e59eb09c"}
{"timestamp": "2025-12-23T05:41:05.070755Z", "level": "INFO", "logger": "app.core.correlation_middleware", "message": "GET /api/courses/category/7 - 200", "module": "correlation_middleware", "function": "dispatch", "line": 54, "correlation_id": "70ca441e-dec5-4b83-b217-5171e59eb09c"}
{"timestamp": "2025-12-23T05:41:05.991679Z", "level": "INFO", "logger": "app.core.correlation_middleware", "message": "OPTIONS /api/files/course/17", "module": "correlation_middleware", "function": "dispatch", "line": 37, "correlation_id": "515de796-80ed-4c7c-80e5-0ff01b293fbb"}
{"timestamp": "2025-12-23T05:41:05.992676Z", "level": "INFO", "logger": "app.core.correlation_middleware", "message": "OPTIONS /api/files/course/17 - 200", "module": "correlation_middleware", "function": "dispatch", "line": 54, "correlation_id": "515de796-80ed-4c7c-80e5-0ff01b293fbb"}
{"timestamp": "2025-12-23T05:41:05.993739Z", "level": "INFO", "logger": "app.core.correlation_middleware", "message": "GET /api/files/course/17", "module": "correlation_middleware", "function": "dispatch", "line": 37, "correlation_id": "7dc38144-9756-4ccb-85a0-0dbc96debf72"}
{"timestamp": "2025-12-23T05:41:06.000023Z", "level": "INFO", "logger": "app.core.correlation_middleware", "message": "GET /api/files/course/17 - 200", "module": "correlation_middleware", "function": "dispatch", "line": 54, "correlation_id": "7dc38144-9756-4ccb-85a0-0dbc96debf72"}
{"timestamp": "2025-12-23T05:41:07.414994Z", "level": "INFO", "logger": "app.core.correlation_middleware", "message": "OPTIONS /api/progress/last-viewed", "module": "correlation_middleware", "function": "dispatch", "line": 37, "correlation_id": "ba67b891-246e-4c24-8d05-979ecdc77c3e"}
{"timestamp": "2025-12-23T05:41:07.416480Z", "level": "INFO", "logger": "app.core.correlation_middleware", "message": "OPTIONS /api/progress/last-viewed - 200", "module": "correlation_middleware", "function": "dispatch", "line": 54, "correlation_id": "ba67b891-246e-4c24-8d05-979ecdc77c3e"}
{"timestamp": "2025-12-23T05:41:07.417556Z", "level": "INFO", "logger": "app.core.correlation_middleware", "message": "POST /api/progress/last-viewed", "module": "correlation_middleware", "function": "dispatch", "line": 37, "correlation_id": "29658693-f216-4492-8ea8-0f4f407378ef"}
{"timestamp": "2025-12-23T05:41:07.422379Z", "level": "INFO", "logger": "app.core.correlation_middleware", "message": "OPTIONS /api/files/142/content", "module": "correlation_middleware", "function": "dispatch", "line": 37, "correlation_id": "53d3fce7-19c2-4251-bbac-b31aace21b1f"}
{"timestamp": "2025-12-23T05:41:07.422379Z", "level": "INFO", "logger": "app.core.correlation_middleware", "message": "OPTIONS /api/files/142/content - 200", "module": "correlation_middleware", "function": "dispatch", "line": 54, "correlation_id": "53d3fce7-19c2-4251-bbac-b31aace21b1f"}
{"timestamp": "2025-12-23T05:41:07.433849Z", "level": "INFO", "logger": "app.core.correlation_middleware", "message": "POST /api/progress/last-viewed - 200", "module": "correlation_middleware", "function": "dispatch", "line": 54, "correlation_id": "29658693-f216-4492-8ea8-0f4f407378ef"}
{"timestamp": "2025-12-23T05:41:07.501979Z", "level": "INFO", "logger": "app.core.correlation_middleware", "message": "OPTIONS /api/progress", "module": "correlation_middleware", "function": "dispatch", "line": 37, "correlation_id": "1c572833-41b4-4234-801d-4d1c81b9d1df"}
{"timestamp": "2025-12-23T05:41:07.503379Z", "level": "INFO", "logger": "app.core.correlation_middleware", "message": "OPTIONS /api/progress - 200", "module": "correlation_middleware", "function": "dispatch", "line": 54, "correlation_id": "1c572833-41b4-4234-801d-4d1c81b9d1df"}
{"timestamp": "2025-12-23T05:41:07.504882Z", "level": "INFO", "logger": "app.core.correlation_middleware", "message": "POST /api/progress", "module": "correlation_middleware", "function": "dispatch", "line": 37, "correlation_id": "e4a0fc8c-a6c9-4320-8b4d-4a5e1441fcf8"}
{"timestamp": "2025-12-23T05:41:07.505899Z", "level": "INFO", "logger": "app.core.correlation_middleware", "message": "POST /api/progress - 307", "module": "correlation_middleware", "function": "dispatch", "line": 54, "correlation_id": "e4a0fc8c-a6c9-4320-8b4d-4a5e1441fcf8"}
{"timestamp": "2025-12-23T05:41:07.506921Z", "level": "INFO", "logger": "app.core.correlation_middleware", "message": "OPTIONS /api/progress/", "module": "correlation_middleware", "function": "dispatch", "line": 37, "correlation_id": "3ec2b8f1-cf46-495e-a979-78b44fa5b81d"}
{"timestamp": "2025-12-23T05:41:07.508225Z", "level": "INFO", "logger": "app.core.correlation_middleware", "message": "OPTIONS /api/progress/ - 200", "module": "correlation_middleware", "function": "dispatch", "line": 54, "correlation_id": "3ec2b8f1-cf46-495e-a979-78b44fa5b81d"}
{"timestamp": "2025-12-23T05:41:07.509308Z", "level": "INFO", "logger": "app.core.correlation_middleware", "message": "POST /api/progress/", "module": "correlation_middleware", "function": "dispatch", "line": 37, "correlation_id": "87f07428-e985-4a29-a62c-ff7d09818159"}
{"timestamp": "2025-12-23T05:41:07.527589Z", "level": "INFO", "logger": "app.core.correlation_middleware", "message": "POST /api/progress/ - 200", "module": "correlation_middleware", "function": "dispatch", "line": 54, "correlation_id": "87f07428-e985-4a29-a62c-ff7d09818159"}
{"timestamp": "2025-12-23T05:41:12.983173Z", "level": "INFO", "logger": "app.core.correlation_middleware", "message": "OPTIONS /api/courses/category/8", "module": "correlation_middleware", "function": "dispatch", "line": 37, "correlation_id": "d9f8bf6f-6386-449e-8cc7-e6f8ed1312f9"}
{"timestamp": "2025-12-23T05:41:12.985236Z", "level": "INFO", "logger": "app.core.correlation_middleware", "message": "OPTIONS /api/courses/category/8 - 200", "module": "correlation_middleware", "function": "dispatch", "line": 54, "correlation_id": "d9f8bf6f-6386-449e-8cc7-e6f8ed1312f9"}
{"timestamp": "2025-12-23T05:41:12.986241Z", "level": "INFO", "logger": "app.core.correlation_middleware", "message": "GET /api/courses/category/8", "module": "correlation_middleware", "function": "dispatch", "line": 37, "correlation_id": "fec1d575-51cb-4f80-b158-ecc9885d7c9a"}
{"timestamp": "2025-12-23T05:41:12.990498Z", "level": "INFO", "logger": "app.core.correlation_middleware", "message": "GET /api/courses/category/8 - 200", "module": "correlation_middleware", "function": "dispatch", "line": 54, "correlation_id": "fec1d575-51cb-4f80-b158-ecc9885d7c9a"}
{"timestamp": "2025-12-23T05:41:14.407699Z", "level": "INFO", "logger": "app.core.correlation_middleware", "message": "OPTIONS /api/files/course/20", "module": "correlation_middleware", "function": "dispatch", "line": 37, "correlation_id": "d109bfbb-c7b7-4687-b749-e3fadd167a88"}
{"timestamp": "2025-12-23T05:41:14.408842Z", "level": "INFO", "logger": "app.core.correlation_middleware", "message": "OPTIONS /api/files/course/20 - 200", "module": "correlation_middleware", "function": "dispatch", "line": 54, "correlation_id": "d109bfbb-c7b7-4687-b749-e3fadd167a88"}
{"timestamp": "2025-12-23T05:41:14.411236Z", "level": "INFO", "logger": "app.core.correlation_middleware", "message": "GET /api/files/course/20", "module": "correlation_middleware", "function": "dispatch", "line": 37, "correlation_id": "d9c5f5e9-a405-4df2-b207-a387725e2af3"}
{"timestamp": "2025-12-23T05:41:14.415806Z", "level": "INFO", "logger": "app.core.correlation_middleware", "message": "GET /api/files/course/20 - 200", "module": "correlation_middleware", "function": "dispatch", "line": 54, "correlation_id": "d9c5f5e9-a405-4df2-b207-a387725e2af3"}
{"timestamp": "2025-12-23T05:41:16.862819Z", "level": "INFO", "logger": "app.core.correlation_middleware", "message": "POST /api/progress/last-viewed", "module": "correlation_middleware", "function": "dispatch", "line": 37, "correlation_id": "c9068797-e82b-4106-a6d7-6d1bb11cb30b"}
{"timestamp": "2025-12-23T05:41:16.864879Z", "level": "INFO", "logger": "app.core.correlation_middleware", "message": "OPTIONS /api/files/172/content", "module": "correlation_middleware", "function": "dispatch", "line": 37, "correlation_id": "34d08ff6-22d6-46d9-8532-3f18dd42fb79"}
{"timestamp": "2025-12-23T05:41:16.864879Z", "level": "INFO", "logger": "app.core.correlation_middleware", "message": "OPTIONS /api/files/172/content - 200", "module": "correlation_middleware", "function": "dispatch", "line": 54, "correlation_id": "34d08ff6-22d6-46d9-8532-3f18dd42fb79"}
{"timestamp": "2025-12-23T05:41:16.869232Z", "level": "INFO", "logger": "app.core.correlation_middleware", "message": "GET /api/files/172/content", "module": "correlation_middleware", "function": "dispatch", "line": 37, "correlation_id": "fe74998b-a8b5-447f-b66f-cdd10f051eee"}
{"timestamp": "2025-12-23T05:41:16.876422Z", "level": "INFO", "logger": "app.core.correlation_middleware", "message": "POST /api/progress/last-viewed - 200", "module": "correlation_middleware", "function": "dispatch", "line": 54, "correlation_id": "c9068797-e82b-4106-a6d7-6d1bb11cb30b"}
{"timestamp": "2025-12-23T05:41:16.950973Z", "level": "INFO", "logger": "app.core.correlation_middleware", "message": "GET /api/files/172/content - 200", "module": "correlation_middleware", "function": "dispatch", "line": 54, "correlation_id": "fe74998b-a8b5-447f-b66f-cdd10f051eee"}
{"timestamp": "2025-12-23T05:41:17.108317Z", "level": "INFO", "logger": "app.core.correlation_middleware", "message": "POST /api/progress", "module": "correlation_middleware", "function": "dispatch", "line": 37, "correlation_id": "3429ca65-5ed6-4d53-9c4a-766bdaab971b"}
{"timestamp": "2025-12-23T05:41:17.109315Z", "level": "INFO", "logger": "app.core.correlation_middleware", "message": "POST /api/progress - 307", "module": "correlation_middleware", "function": "dispatch", "line": 54, "correlation_id": "3429ca65-5ed6-4d53-9c4a-766bdaab971b"}
{"timestamp": "2025-12-23T05:41:17.112707Z", "level": "INFO", "logger": "app.core.correlation_middleware", "message": "POST /api/progress/", "module": "correlation_middleware", "function": "dispatch", "line": 37, "correlation_id": "8b973ba5-1f64-4583-8b0c-6d29f143600d"}
{"timestamp": "2025-12-23T05:41:17.118040Z", "level": "INFO", "logger": "app.core.correlation_middleware", "message": "POST /api/progress/ - 200", "module": "correlation_middleware", "function": "dispatch", "line": 54, "correlation_id": "8b973ba5-1f64-4583-8b0c-6d29f143600d"}
